2026-04-15 17:43:51 | INFO | P6 | === RUN START ===
2026-04-15 17:43:51 | INFO | P6 | project=CINTEL
2026-04-15 17:43:51 | INFO | P6 | repo_dir=cintel-06-continuous-intelligence
2026-04-15 17:43:51 | INFO | P6 | python=3.14.3
2026-04-15 17:43:51 | INFO | P6 | os=Darwin 25.4.0
2026-04-15 17:43:51 | INFO | P6 | shell=zsh
2026-04-15 17:43:51 | INFO | P6 | cwd=.
2026-04-15 17:43:51 | INFO | P6 | github_actions=False
2026-04-15 17:43:51 | INFO | P6 | ========================
2026-04-15 17:43:51 | INFO | P6 | START main()
2026-04-15 17:43:51 | INFO | P6 | ========================
2026-04-15 17:43:51 | INFO | P6 | ROOT_DIR = .
2026-04-15 17:43:51 | INFO | P6 | DATA_FILE = data/system_metrics_case.csv
2026-04-15 17:43:51 | INFO | P6 | OUTPUT_FILE = artifacts/system_assessment_case.csv
2026-04-15 17:43:51 | INFO | P6 | ARTIFACTS_DIR = artifacts
2026-04-15 17:43:51 | INFO | P6 | STEP 1. Loaded 60 system records
2026-04-15 17:43:51 | INFO | P6 | STEP 2. Designing signals from raw metrics...
2026-04-15 17:43:51 | INFO | P6 | STEP 3. Checking for anomalies in system signals...
2026-04-15 17:43:51 | INFO | P6 | STEP 3. Using thresholds: MAX_ERROR_RATE=0.05, MAX_AVG_LATENCY=40.0
2026-04-15 17:43:51 | INFO | P6 | STEP 3. Anomalies detected: 7
2026-04-15 17:43:51 | INFO | P6 | STEP 4. Summarizing system state from monitored signals...
2026-04-15 17:43:51 | INFO | P6 | STEP 4. System assessment completed
2026-04-15 17:43:51 | INFO | P6 | STEP 5. Wrote system assessment file: /Users/brandonsmith/Repos/cintel-06-continuous-intelligence/artifacts/system_assessment_case.csv
2026-04-15 17:43:51 | INFO | P6 | ========================
2026-04-15 17:43:51 | INFO | P6 | Pipeline executed successfully!
2026-04-15 17:43:51 | INFO | P6 | ========================
2026-04-15 17:43:51 | INFO | P6 | END main()
2026-04-17 17:11:10 | INFO | P6 | === RUN START ===
2026-04-17 17:11:10 | INFO | P6 | project=CINTEL
2026-04-17 17:11:10 | INFO | P6 | repo_dir=cintel-06-continuous-intelligence
2026-04-17 17:11:10 | INFO | P6 | python=3.14.3
2026-04-17 17:11:10 | INFO | P6 | os=Darwin 25.4.0
2026-04-17 17:11:10 | INFO | P6 | shell=zsh
2026-04-17 17:11:10 | INFO | P6 | cwd=.
2026-04-17 17:11:10 | INFO | P6 | github_actions=False
2026-04-17 17:11:10 | INFO | P6 | ========================
2026-04-17 17:11:10 | INFO | P6 | START main()
2026-04-17 17:11:10 | INFO | P6 | ========================
2026-04-17 17:11:10 | INFO | P6 | ROOT_DIR = .
2026-04-17 17:11:10 | INFO | P6 | DATA_FILE = data/system_metrics_brandon.csv
2026-04-17 17:11:10 | INFO | P6 | OUTPUT_FILE = artifacts/system_assessment_brandon.csv
2026-04-17 17:11:10 | INFO | P6 | ARTIFACTS_DIR = artifacts
2026-04-17 17:12:57 | INFO | P6 | === RUN START ===
2026-04-17 17:12:57 | INFO | P6 | project=CINTEL
2026-04-17 17:12:57 | INFO | P6 | repo_dir=cintel-06-continuous-intelligence
2026-04-17 17:12:57 | INFO | P6 | python=3.14.3
2026-04-17 17:12:57 | INFO | P6 | os=Darwin 25.4.0
2026-04-17 17:12:57 | INFO | P6 | shell=zsh
2026-04-17 17:12:57 | INFO | P6 | cwd=.
2026-04-17 17:12:57 | INFO | P6 | github_actions=False
2026-04-17 17:12:57 | INFO | P6 | ========================
2026-04-17 17:12:57 | INFO | P6 | START main()
2026-04-17 17:12:57 | INFO | P6 | ========================
2026-04-17 17:12:57 | INFO | P6 | ROOT_DIR = .
2026-04-17 17:12:57 | INFO | P6 | DATA_FILE = data/system_metrics_brandon.csv
2026-04-17 17:12:57 | INFO | P6 | OUTPUT_FILE = artifacts/system_assessment_brandon.csv
2026-04-17 17:12:57 | INFO | P6 | ARTIFACTS_DIR = artifacts
2026-04-17 17:12:57 | INFO | P6 | STEP 1. Loaded 60 system records
2026-04-17 17:12:57 | INFO | P6 | STEP 2. Designing signals from raw metrics...
2026-04-17 17:12:58 | INFO | P6 | STEP 3. Checking for anomalies in system signals...
2026-04-17 17:12:58 | INFO | P6 | STEP 3. Using thresholds: MAX_ERROR_RATE=0.04, MAX_AVG_LATENCY=35.0
2026-04-17 17:12:58 | INFO | P6 | STEP 3. Anomalies detected: 20
2026-04-17 17:12:58 | INFO | P6 | STEP 4. Summarizing system state from monitored signals...
2026-04-17 17:12:58 | INFO | P6 | STEP 4. System assessment completed
2026-04-17 17:12:58 | INFO | P6 | STEP 5. Wrote system assessment file: /Users/brandonsmith/Repos/cintel-06-continuous-intelligence/artifacts/system_assessment_brandon.csv
2026-04-17 17:12:58 | INFO | P6 | ========================
2026-04-17 17:12:58 | INFO | P6 | Pipeline executed successfully!
2026-04-17 17:12:58 | INFO | P6 | ========================
2026-04-17 17:12:58 | INFO | P6 | END main()
2026-04-17 17:14:11 | INFO | P6 | === RUN START ===
2026-04-17 17:14:11 | INFO | P6 | project=CINTEL
2026-04-17 17:14:11 | INFO | P6 | repo_dir=cintel-06-continuous-intelligence
2026-04-17 17:14:11 | INFO | P6 | python=3.14.3
2026-04-17 17:14:11 | INFO | P6 | os=Darwin 25.4.0
2026-04-17 17:14:11 | INFO | P6 | shell=zsh
2026-04-17 17:14:11 | INFO | P6 | cwd=.
2026-04-17 17:14:11 | INFO | P6 | github_actions=False
2026-04-17 17:14:11 | INFO | P6 | ========================
2026-04-17 17:14:11 | INFO | P6 | START main()
2026-04-17 17:14:11 | INFO | P6 | ========================
2026-04-17 17:14:11 | INFO | P6 | ROOT_DIR = .
2026-04-17 17:14:11 | INFO | P6 | DATA_FILE = data/system_metrics_brandon.csv
2026-04-17 17:14:11 | INFO | P6 | OUTPUT_FILE = artifacts/system_assessment_brandon.csv
2026-04-17 17:14:11 | INFO | P6 | ARTIFACTS_DIR = artifacts
2026-04-17 17:14:11 | INFO | P6 | STEP 1. Loaded 60 system records
2026-04-17 17:14:11 | INFO | P6 | STEP 2. Designing signals from raw metrics...
2026-04-17 17:14:11 | INFO | P6 | STEP 3. Checking for anomalies in system signals...
2026-04-17 17:14:11 | INFO | P6 | STEP 3. Using thresholds: MAX_ERROR_RATE=1.5, MAX_AVG_LATENCY=150.0
2026-04-17 17:14:11 | INFO | P6 | STEP 3. Anomalies detected: 0
2026-04-17 17:14:11 | INFO | P6 | STEP 4. Summarizing system state from monitored signals...
2026-04-17 17:14:11 | INFO | P6 | STEP 4. System assessment completed
2026-04-17 17:14:11 | INFO | P6 | STEP 5. Wrote system assessment file: /Users/brandonsmith/Repos/cintel-06-continuous-intelligence/artifacts/system_assessment_brandon.csv
2026-04-17 17:14:11 | INFO | P6 | ========================
2026-04-17 17:14:11 | INFO | P6 | Pipeline executed successfully!
2026-04-17 17:14:11 | INFO | P6 | ========================
2026-04-17 17:14:11 | INFO | P6 | END main()
2026-04-17 17:14:30 | INFO | P6 | === RUN START ===
2026-04-17 17:14:30 | INFO | P6 | project=CINTEL
2026-04-17 17:14:30 | INFO | P6 | repo_dir=cintel-06-continuous-intelligence
2026-04-17 17:14:30 | INFO | P6 | python=3.14.3
2026-04-17 17:14:30 | INFO | P6 | os=Darwin 25.4.0
2026-04-17 17:14:30 | INFO | P6 | shell=zsh
2026-04-17 17:14:30 | INFO | P6 | cwd=.
2026-04-17 17:14:30 | INFO | P6 | github_actions=False
2026-04-17 17:14:30 | INFO | P6 | ========================
2026-04-17 17:14:30 | INFO | P6 | START main()
2026-04-17 17:14:30 | INFO | P6 | ========================
2026-04-17 17:14:30 | INFO | P6 | ROOT_DIR = .
2026-04-17 17:14:30 | INFO | P6 | DATA_FILE = data/system_metrics_brandon.csv
2026-04-17 17:14:30 | INFO | P6 | OUTPUT_FILE = artifacts/system_assessment_brandon.csv
2026-04-17 17:14:30 | INFO | P6 | ARTIFACTS_DIR = artifacts
2026-04-17 17:14:30 | INFO | P6 | STEP 1. Loaded 60 system records
2026-04-17 17:14:30 | INFO | P6 | STEP 2. Designing signals from raw metrics...
2026-04-17 17:14:30 | INFO | P6 | STEP 3. Checking for anomalies in system signals...
2026-04-17 17:14:30 | INFO | P6 | STEP 3. Using thresholds: MAX_ERROR_RATE=1.5, MAX_AVG_LATENCY=150.0
2026-04-17 17:14:30 | INFO | P6 | STEP 3. Anomalies detected: 0
2026-04-17 17:14:30 | INFO | P6 | STEP 4. Summarizing system state from monitored signals...
2026-04-17 17:14:30 | INFO | P6 | STEP 4. System assessment completed
2026-04-17 17:14:30 | INFO | P6 | STEP 5. Wrote system assessment file: /Users/brandonsmith/Repos/cintel-06-continuous-intelligence/artifacts/system_assessment_brandon.csv
2026-04-17 17:14:30 | INFO | P6 | ========================
2026-04-17 17:14:30 | INFO | P6 | Pipeline executed successfully!
2026-04-17 17:14:30 | INFO | P6 | ========================
2026-04-17 17:14:30 | INFO | P6 | END main()
2026-04-17 17:17:43 | INFO | P6 | === RUN START ===
2026-04-17 17:17:43 | INFO | P6 | project=CINTEL
2026-04-17 17:17:43 | INFO | P6 | repo_dir=cintel-06-continuous-intelligence
2026-04-17 17:17:43 | INFO | P6 | python=3.14.3
2026-04-17 17:17:43 | INFO | P6 | os=Darwin 25.4.0
2026-04-17 17:17:43 | INFO | P6 | shell=zsh
2026-04-17 17:17:43 | INFO | P6 | cwd=.
2026-04-17 17:17:43 | INFO | P6 | github_actions=False
2026-04-17 17:17:43 | INFO | P6 | ========================
2026-04-17 17:17:43 | INFO | P6 | START main()
2026-04-17 17:17:43 | INFO | P6 | ========================
2026-04-17 17:17:43 | INFO | P6 | ROOT_DIR = .
2026-04-17 17:17:43 | INFO | P6 | DATA_FILE = data/system_metrics_brandon.csv
2026-04-17 17:17:43 | INFO | P6 | OUTPUT_FILE = artifacts/system_assessment_brandon.csv
2026-04-17 17:17:43 | INFO | P6 | ARTIFACTS_DIR = artifacts
2026-04-17 17:17:43 | INFO | P6 | STEP 1. Loaded 60 system records
2026-04-17 17:17:43 | INFO | P6 | STEP 2. Designing signals from raw metrics...
2026-04-17 17:17:43 | INFO | P6 | STEP 3. Checking for anomalies in system signals...
2026-04-17 17:17:43 | INFO | P6 | STEP 3. Using thresholds: MAX_ERROR_RATE=0.04, MAX_AVG_LATENCY=35.0
2026-04-17 17:17:43 | INFO | P6 | STEP 3. Anomalies detected: 20
2026-04-17 17:17:43 | INFO | P6 | STEP 4. Summarizing system state from monitored signals...
2026-04-17 17:17:43 | INFO | P6 | STEP 4. System assessment completed
2026-04-17 17:17:43 | INFO | P6 | STEP 5. Wrote system assessment file: /Users/brandonsmith/Repos/cintel-06-continuous-intelligence/artifacts/system_assessment_brandon.csv
2026-04-17 17:17:43 | INFO | P6 | ========================
2026-04-17 17:17:43 | INFO | P6 | Pipeline executed successfully!
2026-04-17 17:17:43 | INFO | P6 | ========================
2026-04-17 17:17:43 | INFO | P6 | END main()
2026-04-17 17:57:24 | INFO | P6 | === RUN START ===
2026-04-17 17:57:24 | INFO | P6 | project=CINTEL
2026-04-17 17:57:24 | INFO | P6 | repo_dir=cintel-06-continuous-intelligence
2026-04-17 17:57:24 | INFO | P6 | python=3.14.3
2026-04-17 17:57:24 | INFO | P6 | os=Darwin 25.4.0
2026-04-17 17:57:24 | INFO | P6 | shell=zsh
2026-04-17 17:57:24 | INFO | P6 | cwd=.
2026-04-17 17:57:24 | INFO | P6 | github_actions=False
2026-04-17 17:57:24 | INFO | P6 | ========================
2026-04-17 17:57:24 | INFO | P6 | START main()
2026-04-17 17:57:24 | INFO | P6 | ========================
2026-04-17 17:57:24 | INFO | P6 | ROOT_DIR = .
2026-04-17 17:57:24 | INFO | P6 | DATA_FILE = data/system_metrics_custom.csv
2026-04-17 17:57:24 | INFO | P6 | DETAIL_FILE = artifacts/system_monitoring_details_custom.csv
2026-04-17 17:57:24 | INFO | P6 | SUMMARY_FILE = artifacts/system_assessment_custom.csv
2026-04-17 17:57:24 | INFO | P6 | CHART_FILE = artifacts/system_health_chart_custom.png
2026-04-17 17:58:32 | INFO | P6 | === RUN START ===
2026-04-17 17:58:32 | INFO | P6 | project=CINTEL
2026-04-17 17:58:32 | INFO | P6 | repo_dir=cintel-06-continuous-intelligence
2026-04-17 17:58:32 | INFO | P6 | python=3.14.3
2026-04-17 17:58:32 | INFO | P6 | os=Darwin 25.4.0
2026-04-17 17:58:32 | INFO | P6 | shell=zsh
2026-04-17 17:58:32 | INFO | P6 | cwd=.
2026-04-17 17:58:32 | INFO | P6 | github_actions=False
2026-04-17 17:58:32 | INFO | P6 | ========================
2026-04-17 17:58:32 | INFO | P6 | START main()
2026-04-17 17:58:32 | INFO | P6 | ========================
2026-04-17 17:58:32 | INFO | P6 | ROOT_DIR = .
2026-04-17 17:58:32 | INFO | P6 | DATA_FILE = data/system_metrics_custom.csv
2026-04-17 17:58:32 | INFO | P6 | DETAIL_FILE = artifacts/system_monitoring_details_custom.csv
2026-04-17 17:58:32 | INFO | P6 | SUMMARY_FILE = artifacts/system_assessment_custom.csv
2026-04-17 17:58:32 | INFO | P6 | CHART_FILE = artifacts/system_health_chart_custom.png
2026-04-17 17:58:32 | INFO | P6 | STEP 1. Loaded 20 system records
2026-04-17 17:58:32 | INFO | P6 | STEP 2. Designing signals from raw metrics...
2026-04-17 17:58:32 | INFO | P6 | STEP 3. Adding rolling latency and health score...
2026-04-17 17:58:32 | INFO | P6 | STEP 4. Labeling each row with status and latency trend...
2026-04-17 17:58:32 | INFO | P6 | STEP 5. Summarizing monitored system state...
2026-04-17 17:58:32 | INFO | P6 | STEP 5. System assessment completed
2026-04-17 17:58:32 | INFO | P6 | STEP 6. Wrote detail file: /Users/brandonsmith/Repos/cintel-06-continuous-intelligence/artifacts/system_monitoring_details_custom.csv
2026-04-17 17:58:32 | INFO | P6 | STEP 6. Wrote summary file: /Users/brandonsmith/Repos/cintel-06-continuous-intelligence/artifacts/system_assessment_custom.csv
2026-04-17 17:58:33 | INFO | P6 | STEP 7. Wrote chart file: /Users/brandonsmith/Repos/cintel-06-continuous-intelligence/artifacts/system_health_chart_custom.png
2026-04-17 17:58:33 | INFO | P6 | ========================
2026-04-17 17:58:33 | INFO | P6 | Pipeline executed successfully!
2026-04-17 17:58:33 | INFO | P6 | ========================
2026-04-17 17:58:33 | INFO | P6 | END main()
2026-04-17 17:59:46 | INFO | P6 | === RUN START ===
2026-04-17 17:59:46 | INFO | P6 | project=CINTEL
2026-04-17 17:59:46 | INFO | P6 | repo_dir=cintel-06-continuous-intelligence
2026-04-17 17:59:46 | INFO | P6 | python=3.14.3
2026-04-17 17:59:46 | INFO | P6 | os=Darwin 25.4.0
2026-04-17 17:59:46 | INFO | P6 | shell=zsh
2026-04-17 17:59:46 | INFO | P6 | cwd=.
2026-04-17 17:59:46 | INFO | P6 | github_actions=False
2026-04-17 17:59:46 | INFO | P6 | ========================
2026-04-17 17:59:46 | INFO | P6 | START main()
2026-04-17 17:59:46 | INFO | P6 | ========================
2026-04-17 17:59:46 | INFO | P6 | ROOT_DIR = .
2026-04-17 17:59:46 | INFO | P6 | DATA_FILE = data/system_metrics_custom.csv
2026-04-17 17:59:46 | INFO | P6 | DETAIL_FILE = artifacts/system_monitoring_details_custom.csv
2026-04-17 17:59:46 | INFO | P6 | SUMMARY_FILE = artifacts/system_assessment_custom.csv
2026-04-17 17:59:46 | INFO | P6 | CHART_FILE = artifacts/system_health_chart_custom.png
2026-04-17 17:59:46 | INFO | P6 | STEP 1. Loaded 20 system records
2026-04-17 17:59:46 | INFO | P6 | STEP 2. Designing signals from raw metrics...
2026-04-17 17:59:46 | INFO | P6 | STEP 3. Adding rolling latency and health score...
2026-04-17 17:59:46 | INFO | P6 | STEP 4. Labeling each row with status and latency trend...
2026-04-17 17:59:46 | INFO | P6 | STEP 5. Summarizing monitored system state...
2026-04-17 17:59:46 | INFO | P6 | STEP 5. System assessment completed
2026-04-17 17:59:46 | INFO | P6 | STEP 6. Wrote detail file: /Users/brandonsmith/Repos/cintel-06-continuous-intelligence/artifacts/system_monitoring_details_custom.csv
2026-04-17 17:59:46 | INFO | P6 | STEP 6. Wrote summary file: /Users/brandonsmith/Repos/cintel-06-continuous-intelligence/artifacts/system_assessment_custom.csv
2026-04-17 17:59:46 | INFO | P6 | STEP 7. Wrote chart file: /Users/brandonsmith/Repos/cintel-06-continuous-intelligence/artifacts/system_health_chart_custom.png
2026-04-17 17:59:46 | INFO | P6 | ========================
2026-04-17 17:59:46 | INFO | P6 | Pipeline executed successfully!
2026-04-17 17:59:46 | INFO | P6 | ========================
2026-04-17 17:59:46 | INFO | P6 | END main()
